<?xml version="1.0" encoding="UTF-8"?>
<testsuite name="RandomNumberGeneratorAutomateTestCase" tests="21" skipped="0" failures="0" errors="0" timestamp="2023-12-31T10:41:12" hostname="PC" time="0.396">
  <properties/>
  <testcase name="[1] LOW LIMIT = 1, UP LIMIT = 10, #ELEMENTS = -5" classname="RandomNumberGeneratorAutomateTestCase" time="0.102"/>
  <testcase name="[2] LOW LIMIT = 1, UP LIMIT = 10, #ELEMENTS = 0" classname="RandomNumberGeneratorAutomateTestCase" time="0.004"/>
  <testcase name="[3] LOW LIMIT = 1, UP LIMIT = 10, #ELEMENTS = 11" classname="RandomNumberGeneratorAutomateTestCase" time="0.005"/>
  <testcase name="[1] LOW LIMIT = null, UP LIMIT = 10, #ELEMENTS = 5" classname="RandomNumberGeneratorAutomateTestCase" time="0.007"/>
  <testcase name="[2] LOW LIMIT = null, UP LIMIT = 10, #ELEMENTS = 5" classname="RandomNumberGeneratorAutomateTestCase" time="0.004"/>
  <testcase name="[3] LOW LIMIT = 1, UP LIMIT = null, #ELEMENTS = 5" classname="RandomNumberGeneratorAutomateTestCase" time="0.003"/>
  <testcase name="[4] LOW LIMIT = 1, UP LIMIT = null, #ELEMENTS = 5" classname="RandomNumberGeneratorAutomateTestCase" time="0.001"/>
  <testcase name="[5] LOW LIMIT = 1, UP LIMIT = 10, #ELEMENTS = null" classname="RandomNumberGeneratorAutomateTestCase" time="0.004"/>
  <testcase name="[6] LOW LIMIT = 1, UP LIMIT = 10, #ELEMENTS = null" classname="RandomNumberGeneratorAutomateTestCase" time="0.003"/>
  <testcase name="[1] LOW LIMIT = 10, UP LIMIT = 1, #ELEMENTS = 5" classname="RandomNumberGeneratorAutomateTestCase" time="0.004"/>
  <testcase name="[2] LOW LIMIT = 10, UP LIMIT = 10, #ELEMENTS = 1" classname="RandomNumberGeneratorAutomateTestCase" time="0.002"/>
  <testcase name="threeElementsStringToIntWithValidIntervalAndValidNumCountReturnSortedArray()" classname="RandomNumberGeneratorAutomateTestCase" time="0.02"/>
  <testcase name="[1] LOW LIMIT = a, UP LIMIT = 2147483648, #ELEMENTS = 5" classname="RandomNumberGeneratorAutomateTestCase" time="0.003"/>
  <testcase name="[2] LOW LIMIT = a, UP LIMIT = 10, #ELEMENTS = %" classname="RandomNumberGeneratorAutomateTestCase" time="0.004"/>
  <testcase name="[3] LOW LIMIT = 1, UP LIMIT = 2147483648, #ELEMENTS = @" classname="RandomNumberGeneratorAutomateTestCase" time="0.008"/>
  <testcase name="[1] LOW LIMIT = a, UP LIMIT = 10, #ELEMENTS = 5" classname="RandomNumberGeneratorAutomateTestCase" time="0.007"/>
  <testcase name="[2] LOW LIMIT = 1, UP LIMIT = 2147483648, #ELEMENTS = 5" classname="RandomNumberGeneratorAutomateTestCase" time="0.004"/>
  <testcase name="[3] LOW LIMIT = 1, UP LIMIT = 10, #ELEMENTS = @" classname="RandomNumberGeneratorAutomateTestCase" time="0.006"/>
  <testcase name="[1] LOW LIMIT =  1, UP LIMIT = 10, #ELEMENTS = 5" classname="RandomNumberGeneratorAutomateTestCase" time="0.004"/>
  <testcase name="[2] LOW LIMIT = 1, UP LIMIT =  10, #ELEMENTS = 5" classname="RandomNumberGeneratorAutomateTestCase" time="0.003"/>
  <testcase name="[3] LOW LIMIT = 1, UP LIMIT = 10, #ELEMENTS =  5" classname="RandomNumberGeneratorAutomateTestCase" time="0.004"/>
  <system-out><![CDATA[]]></system-out>
  <system-err><![CDATA[]]></system-err>
</testsuite>
